<?xml version="1.0" encoding="UTF-8"?>
<testng-results skipped="0" failed="0" ignored="0" total="0" passed="0">
  <reporter-output>
  </reporter-output>
  <suite name="Suite" duration-ms="0" started-at="2021-10-04T08:40:36Z" finished-at="2021-10-04T08:40:36Z">
    <groups>
    </groups>
    <test name="Test" duration-ms="0" started-at="2021-10-04T08:40:36Z" finished-at="2021-10-04T08:40:36Z">
      <class name="com.Runner.TestRunner">
        <test-method status="PASS" signature="suitSetup(org.testng.ITestContext)[pri:0, instance:com.Runner.TestRunner@6ddf90b0]" name="suitSetup" is-config="true" duration-ms="7023" started-at="2021-10-04T08:40:29Z" finished-at="2021-10-04T08:40:36Z">
          <params>
            <param index="0">
              <value>
                <![CDATA[org.testng.TestRunner@5fb759d6]]>
              </value>
            </param>
          </params>
          <reporter-output>
          </reporter-output>
        </test-method> <!-- suitSetup -->
        <test-method status="PASS" signature="suiteTearDown()[pri:0, instance:com.Runner.TestRunner@6ddf90b0]" name="suiteTearDown" is-config="true" duration-ms="844" started-at="2021-10-04T08:40:36Z" finished-at="2021-10-04T08:40:37Z">
          <reporter-output>
          </reporter-output>
        </test-method> <!-- suiteTearDown -->
      </class> <!-- com.Runner.TestRunner -->
    </test> <!-- Test -->
  </suite> <!-- Suite -->
</testng-results>
